$ND280COMPUTINGROOT=/home/ppd/stewartt/T2K/GRID/nd280Computing
$CVSROOT=:ext:stewartt@repo.nd280.org:/home/trt2kmgr/T2KRepository
Setting VO_T2K_ORG_SW_DIR location to /cvmfs/t2k.egi.eu
SetGridEnv()
2017-05-12 15:43:36.104566
Try pexpect 0 of lfc-ls /grid/t2k.org/nd280/raw/ND280/ECAL with 300s timeout
2017-05-12 15:43:36.510904
Try pexpect 0 of lfc-ls /grid/t2k.org/nd280/raw/ND280/ECAL/00027000_00027999 with 300s timeout
Checking for and cleaning old ECAL data...
2017-05-12 15:43:36.903417
Try pexpect 0 of lcg-ls srm://kek2-se01.cc.kek.jp/t2k.org//nd280/raw/ND280/ECAL/ with 300s timeout
nohup nice ./RemoveRawData.py -l lfn:/grid/t2k.org/nd280/raw/ND280/ECAL/00017000_00017999 -s kek2-se01.cc.kek.jp >/opt/ppd/t2k/users/stewartt/t2k_logs/transfers/cleanKEK.nd280.raw.ND280.ECAL.00017000_00017999.out 2>/opt/ppd/t2k/users/stewartt/t2k_logs/transfers/cleanKEK.nd280.raw.ND280.ECAL.00017000_00017999.err &
nohup nice ./RemoveRawData.py -l lfn:/grid/t2k.org/nd280/raw/ND280/ECAL/00015000_00015999 -s kek2-se01.cc.kek.jp >/opt/ppd/t2k/users/stewartt/t2k_logs/transfers/cleanKEK.nd280.raw.ND280.ECAL.00015000_00015999.out 2>/opt/ppd/t2k/users/stewartt/t2k_logs/transfers/cleanKEK.nd280.raw.ND280.ECAL.00015000_00015999.err &
nohup nice ./RemoveRawData.py -l lfn:/grid/t2k.org/nd280/raw/ND280/ECAL/00023000_00023999 -s kek2-se01.cc.kek.jp >/opt/ppd/t2k/users/stewartt/t2k_logs/transfers/cleanKEK.nd280.raw.ND280.ECAL.00023000_00023999.out 2>/opt/ppd/t2k/users/stewartt/t2k_logs/transfers/cleanKEK.nd280.raw.ND280.ECAL.00023000_00023999.err &
nohup nice ./RemoveRawData.py -l lfn:/grid/t2k.org/nd280/raw/ND280/ECAL/00020000_00020999 -s kek2-se01.cc.kek.jp >/opt/ppd/t2k/users/stewartt/t2k_logs/transfers/cleanKEK.nd280.raw.ND280.ECAL.00020000_00020999.out 2>/opt/ppd/t2k/users/stewartt/t2k_logs/transfers/cleanKEK.nd280.raw.ND280.ECAL.00020000_00020999.err &
nohup nice ./RemoveRawData.py -l lfn:/grid/t2k.org/nd280/raw/ND280/ECAL/00021000_00021999 -s kek2-se01.cc.kek.jp >/opt/ppd/t2k/users/stewartt/t2k_logs/transfers/cleanKEK.nd280.raw.ND280.ECAL.00021000_00021999.out 2>/opt/ppd/t2k/users/stewartt/t2k_logs/transfers/cleanKEK.nd280.raw.ND280.ECAL.00021000_00021999.err &
nohup nice ./RemoveRawData.py -l lfn:/grid/t2k.org/nd280/raw/ND280/ECAL/00022000_00022999 -s kek2-se01.cc.kek.jp >/opt/ppd/t2k/users/stewartt/t2k_logs/transfers/cleanKEK.nd280.raw.ND280.ECAL.00022000_00022999.out 2>/opt/ppd/t2k/users/stewartt/t2k_logs/transfers/cleanKEK.nd280.raw.ND280.ECAL.00022000_00022999.err &
nohup nice ./RemoveRawData.py -l lfn:/grid/t2k.org/nd280/raw/ND280/ECAL/00016000_00016999 -s kek2-se01.cc.kek.jp >/opt/ppd/t2k/users/stewartt/t2k_logs/transfers/cleanKEK.nd280.raw.ND280.ECAL.00016000_00016999.out 2>/opt/ppd/t2k/users/stewartt/t2k_logs/transfers/cleanKEK.nd280.raw.ND280.ECAL.00016000_00016999.err &
nohup nice ./RemoveRawData.py -l lfn:/grid/t2k.org/nd280/raw/ND280/ECAL/00026000_00026999 -s kek2-se01.cc.kek.jp >/opt/ppd/t2k/users/stewartt/t2k_logs/transfers/cleanKEK.nd280.raw.ND280.ECAL.00026000_00026999.out 2>/opt/ppd/t2k/users/stewartt/t2k_logs/transfers/cleanKEK.nd280.raw.ND280.ECAL.00026000_00026999.err &
nohup nice ./RemoveRawData.py -l lfn:/grid/t2k.org/nd280/raw/ND280/ECAL/00019000_00019999 -s kek2-se01.cc.kek.jp >/opt/ppd/t2k/users/stewartt/t2k_logs/transfers/cleanKEK.nd280.raw.ND280.ECAL.00019000_00019999.out 2>/opt/ppd/t2k/users/stewartt/t2k_logs/transfers/cleanKEK.nd280.raw.ND280.ECAL.00019000_00019999.err &
nohup nice ./RemoveRawData.py -l lfn:/grid/t2k.org/nd280/raw/ND280/ECAL/00025000_00025999 -s kek2-se01.cc.kek.jp >/opt/ppd/t2k/users/stewartt/t2k_logs/transfers/cleanKEK.nd280.raw.ND280.ECAL.00025000_00025999.out 2>/opt/ppd/t2k/users/stewartt/t2k_logs/transfers/cleanKEK.nd280.raw.ND280.ECAL.00025000_00025999.err &
nohup nice ./RemoveRawData.py -l lfn:/grid/t2k.org/nd280/raw/ND280/ECAL/00018000_00018999 -s kek2-se01.cc.kek.jp >/opt/ppd/t2k/users/stewartt/t2k_logs/transfers/cleanKEK.nd280.raw.ND280.ECAL.00018000_00018999.out 2>/opt/ppd/t2k/users/stewartt/t2k_logs/transfers/cleanKEK.nd280.raw.ND280.ECAL.00018000_00018999.err &
nohup nice ./RemoveRawData.py -l lfn:/grid/t2k.org/nd280/raw/ND280/ECAL/00024000_00024999 -s kek2-se01.cc.kek.jp >/opt/ppd/t2k/users/stewartt/t2k_logs/transfers/cleanKEK.nd280.raw.ND280.ECAL.00024000_00024999.out 2>/opt/ppd/t2k/users/stewartt/t2k_logs/transfers/cleanKEK.nd280.raw.ND280.ECAL.00024000_00024999.err &
2017-05-12 15:43:38.853690
Try pexpect 0 of lfc-ls /grid/t2k.org/nd280/raw/ND280/FGD with 300s timeout
2017-05-12 15:43:39.157601
Try pexpect 0 of lfc-ls /grid/t2k.org/nd280/raw/ND280/FGD/00017000_00017999 with 300s timeout
Checking for and cleaning old FGD data...
2017-05-12 15:43:39.483343
Try pexpect 0 of lcg-ls srm://kek2-se01.cc.kek.jp/t2k.org//nd280/raw/ND280/FGD/ with 300s timeout
nohup nice ./RemoveRawData.py -l lfn:/grid/t2k.org/nd280/raw/ND280/FGD/00014000_00014999 -s kek2-se01.cc.kek.jp >/opt/ppd/t2k/users/stewartt/t2k_logs/transfers/cleanKEK.nd280.raw.ND280.FGD.00014000_00014999.out 2>/opt/ppd/t2k/users/stewartt/t2k_logs/transfers/cleanKEK.nd280.raw.ND280.FGD.00014000_00014999.err &
nohup nice ./RemoveRawData.py -l lfn:/grid/t2k.org/nd280/raw/ND280/FGD/00015000_00015999 -s kek2-se01.cc.kek.jp >/opt/ppd/t2k/users/stewartt/t2k_logs/transfers/cleanKEK.nd280.raw.ND280.FGD.00015000_00015999.out 2>/opt/ppd/t2k/users/stewartt/t2k_logs/transfers/cleanKEK.nd280.raw.ND280.FGD.00015000_00015999.err &
nohup nice ./RemoveRawData.py -l lfn:/grid/t2k.org/nd280/raw/ND280/FGD/00016000_00016999 -s kek2-se01.cc.kek.jp >/opt/ppd/t2k/users/stewartt/t2k_logs/transfers/cleanKEK.nd280.raw.ND280.FGD.00016000_00016999.out 2>/opt/ppd/t2k/users/stewartt/t2k_logs/transfers/cleanKEK.nd280.raw.ND280.FGD.00016000_00016999.err &
nohup nice ./RemoveRawData.py -l lfn:/grid/t2k.org/nd280/raw/ND280/FGD/00013000_00013999 -s kek2-se01.cc.kek.jp >/opt/ppd/t2k/users/stewartt/t2k_logs/transfers/cleanKEK.nd280.raw.ND280.FGD.00013000_00013999.out 2>/opt/ppd/t2k/users/stewartt/t2k_logs/transfers/cleanKEK.nd280.raw.ND280.FGD.00013000_00013999.err &
nohup nice ./RemoveRawData.py -l lfn:/grid/t2k.org/nd280/raw/ND280/FGD/00012000_00012999 -s kek2-se01.cc.kek.jp >/opt/ppd/t2k/users/stewartt/t2k_logs/transfers/cleanKEK.nd280.raw.ND280.FGD.00012000_00012999.out 2>/opt/ppd/t2k/users/stewartt/t2k_logs/transfers/cleanKEK.nd280.raw.ND280.FGD.00012000_00012999.err &
2017-05-12 15:43:40.610765
Try pexpect 0 of lfc-ls /grid/t2k.org/nd280/raw/ND280/ND280 with 300s timeout
2017-05-12 15:43:41.054133
Try pexpect 0 of lfc-ls /grid/t2k.org/nd280/raw/ND280/ND280/00013000_00013999 with 300s timeout
Checking for and cleaning old ND280 data...
2017-05-12 15:43:46.944150
Try pexpect 0 of lcg-ls srm://kek2-se01.cc.kek.jp/t2k.org//nd280/raw/ND280/ND280/ with 300s timeout
nohup nice ./RemoveRawData.py -l lfn:/grid/t2k.org/nd280/raw/ND280/ND280/00011000_00011999 -s kek2-se01.cc.kek.jp >/opt/ppd/t2k/users/stewartt/t2k_logs/transfers/cleanKEK.nd280.raw.ND280.ND280.00011000_00011999.out 2>/opt/ppd/t2k/users/stewartt/t2k_logs/transfers/cleanKEK.nd280.raw.ND280.ND280.00011000_00011999.err &
nohup nice ./RemoveRawData.py -l lfn:/grid/t2k.org/nd280/raw/ND280/ND280/00008000_00008999 -s kek2-se01.cc.kek.jp >/opt/ppd/t2k/users/stewartt/t2k_logs/transfers/cleanKEK.nd280.raw.ND280.ND280.00008000_00008999.out 2>/opt/ppd/t2k/users/stewartt/t2k_logs/transfers/cleanKEK.nd280.raw.ND280.ND280.00008000_00008999.err &
nohup nice ./RemoveRawData.py -l lfn:/grid/t2k.org/nd280/raw/ND280/ND280/00010000_00010999 -s kek2-se01.cc.kek.jp >/opt/ppd/t2k/users/stewartt/t2k_logs/transfers/cleanKEK.nd280.raw.ND280.ND280.00010000_00010999.out 2>/opt/ppd/t2k/users/stewartt/t2k_logs/transfers/cleanKEK.nd280.raw.ND280.ND280.00010000_00010999.err &
nohup nice ./RemoveRawData.py -l lfn:/grid/t2k.org/nd280/raw/ND280/ND280/00012000_00012999 -s kek2-se01.cc.kek.jp >/opt/ppd/t2k/users/stewartt/t2k_logs/transfers/cleanKEK.nd280.raw.ND280.ND280.00012000_00012999.out 2>/opt/ppd/t2k/users/stewartt/t2k_logs/transfers/cleanKEK.nd280.raw.ND280.ND280.00012000_00012999.err &
nohup nice ./RemoveRawData.py -l lfn:/grid/t2k.org/nd280/raw/ND280/ND280/00009000_00009999 -s kek2-se01.cc.kek.jp >/opt/ppd/t2k/users/stewartt/t2k_logs/transfers/cleanKEK.nd280.raw.ND280.ND280.00009000_00009999.out 2>/opt/ppd/t2k/users/stewartt/t2k_logs/transfers/cleanKEK.nd280.raw.ND280.ND280.00009000_00009999.err &
2017-05-12 15:43:48.974960
Try pexpect 0 of lfc-ls /grid/t2k.org/nd280/raw/ND280/P0D with 300s timeout
2017-05-12 15:43:49.499900
Try pexpect 0 of lfc-ls /grid/t2k.org/nd280/raw/ND280/P0D/00026000_00026999 with 300s timeout
Checking for and cleaning old P0D data...
2017-05-12 15:43:50.299570
Try pexpect 0 of lcg-ls srm://kek2-se01.cc.kek.jp/t2k.org//nd280/raw/ND280/P0D/ with 300s timeout
nohup nice ./RemoveRawData.py -l lfn:/grid/t2k.org/nd280/raw/ND280/P0D/00023000_00023999 -s kek2-se01.cc.kek.jp >/opt/ppd/t2k/users/stewartt/t2k_logs/transfers/cleanKEK.nd280.raw.ND280.P0D.00023000_00023999.out 2>/opt/ppd/t2k/users/stewartt/t2k_logs/transfers/cleanKEK.nd280.raw.ND280.P0D.00023000_00023999.err &
nohup nice ./RemoveRawData.py -l lfn:/grid/t2k.org/nd280/raw/ND280/P0D/00020000_00020999 -s kek2-se01.cc.kek.jp >/opt/ppd/t2k/users/stewartt/t2k_logs/transfers/cleanKEK.nd280.raw.ND280.P0D.00020000_00020999.out 2>/opt/ppd/t2k/users/stewartt/t2k_logs/transfers/cleanKEK.nd280.raw.ND280.P0D.00020000_00020999.err &
nohup nice ./RemoveRawData.py -l lfn:/grid/t2k.org/nd280/raw/ND280/P0D/00021000_00021999 -s kek2-se01.cc.kek.jp >/opt/ppd/t2k/users/stewartt/t2k_logs/transfers/cleanKEK.nd280.raw.ND280.P0D.00021000_00021999.out 2>/opt/ppd/t2k/users/stewartt/t2k_logs/transfers/cleanKEK.nd280.raw.ND280.P0D.00021000_00021999.err &
nohup nice ./RemoveRawData.py -l lfn:/grid/t2k.org/nd280/raw/ND280/P0D/00022000_00022999 -s kek2-se01.cc.kek.jp >/opt/ppd/t2k/users/stewartt/t2k_logs/transfers/cleanKEK.nd280.raw.ND280.P0D.00022000_00022999.out 2>/opt/ppd/t2k/users/stewartt/t2k_logs/transfers/cleanKEK.nd280.raw.ND280.P0D.00022000_00022999.err &
nohup nice ./RemoveRawData.py -l lfn:/grid/t2k.org/nd280/raw/ND280/P0D/00019000_00019999 -s kek2-se01.cc.kek.jp >/opt/ppd/t2k/users/stewartt/t2k_logs/transfers/cleanKEK.nd280.raw.ND280.P0D.00019000_00019999.out 2>/opt/ppd/t2k/users/stewartt/t2k_logs/transfers/cleanKEK.nd280.raw.ND280.P0D.00019000_00019999.err &
nohup nice ./RemoveRawData.py -l lfn:/grid/t2k.org/nd280/raw/ND280/P0D/00025000_00025999 -s kek2-se01.cc.kek.jp >/opt/ppd/t2k/users/stewartt/t2k_logs/transfers/cleanKEK.nd280.raw.ND280.P0D.00025000_00025999.out 2>/opt/ppd/t2k/users/stewartt/t2k_logs/transfers/cleanKEK.nd280.raw.ND280.P0D.00025000_00025999.err &
nohup nice ./RemoveRawData.py -l lfn:/grid/t2k.org/nd280/raw/ND280/P0D/00018000_00018999 -s kek2-se01.cc.kek.jp >/opt/ppd/t2k/users/stewartt/t2k_logs/transfers/cleanKEK.nd280.raw.ND280.P0D.00018000_00018999.out 2>/opt/ppd/t2k/users/stewartt/t2k_logs/transfers/cleanKEK.nd280.raw.ND280.P0D.00018000_00018999.err &
nohup nice ./RemoveRawData.py -l lfn:/grid/t2k.org/nd280/raw/ND280/P0D/00024000_00024999 -s kek2-se01.cc.kek.jp >/opt/ppd/t2k/users/stewartt/t2k_logs/transfers/cleanKEK.nd280.raw.ND280.P0D.00024000_00024999.out 2>/opt/ppd/t2k/users/stewartt/t2k_logs/transfers/cleanKEK.nd280.raw.ND280.P0D.00024000_00024999.err &
2017-05-12 15:43:51.648396
Try pexpect 0 of lfc-ls /grid/t2k.org/nd280/raw/ND280/SMRD with 300s timeout
2017-05-12 15:43:52.448841
Try pexpect 0 of lfc-ls /grid/t2k.org/nd280/raw/ND280/SMRD/00037000_00037999 with 300s timeout
Checking for and cleaning old SMRD data...
2017-05-12 15:43:53.329876
Try pexpect 0 of lcg-ls srm://kek2-se01.cc.kek.jp/t2k.org//nd280/raw/ND280/SMRD/ with 300s timeout
nohup nice ./RemoveRawData.py -l lfn:/grid/t2k.org/nd280/raw/ND280/SMRD/00031000_00031999 -s kek2-se01.cc.kek.jp >/opt/ppd/t2k/users/stewartt/t2k_logs/transfers/cleanKEK.nd280.raw.ND280.SMRD.00031000_00031999.out 2>/opt/ppd/t2k/users/stewartt/t2k_logs/transfers/cleanKEK.nd280.raw.ND280.SMRD.00031000_00031999.err &
nohup nice ./RemoveRawData.py -l lfn:/grid/t2k.org/nd280/raw/ND280/SMRD/00034000_00034999 -s kek2-se01.cc.kek.jp >/opt/ppd/t2k/users/stewartt/t2k_logs/transfers/cleanKEK.nd280.raw.ND280.SMRD.00034000_00034999.out 2>/opt/ppd/t2k/users/stewartt/t2k_logs/transfers/cleanKEK.nd280.raw.ND280.SMRD.00034000_00034999.err &
nohup nice ./RemoveRawData.py -l lfn:/grid/t2k.org/nd280/raw/ND280/SMRD/00032000_00032999 -s kek2-se01.cc.kek.jp >/opt/ppd/t2k/users/stewartt/t2k_logs/transfers/cleanKEK.nd280.raw.ND280.SMRD.00032000_00032999.out 2>/opt/ppd/t2k/users/stewartt/t2k_logs/transfers/cleanKEK.nd280.raw.ND280.SMRD.00032000_00032999.err &
nohup nice ./RemoveRawData.py -l lfn:/grid/t2k.org/nd280/raw/ND280/SMRD/00035000_00035999 -s kek2-se01.cc.kek.jp >/opt/ppd/t2k/users/stewartt/t2k_logs/transfers/cleanKEK.nd280.raw.ND280.SMRD.00035000_00035999.out 2>/opt/ppd/t2k/users/stewartt/t2k_logs/transfers/cleanKEK.nd280.raw.ND280.SMRD.00035000_00035999.err &
nohup nice ./RemoveRawData.py -l lfn:/grid/t2k.org/nd280/raw/ND280/SMRD/00029000_00029999 -s kek2-se01.cc.kek.jp >/opt/ppd/t2k/users/stewartt/t2k_logs/transfers/cleanKEK.nd280.raw.ND280.SMRD.00029000_00029999.out 2>/opt/ppd/t2k/users/stewartt/t2k_logs/transfers/cleanKEK.nd280.raw.ND280.SMRD.00029000_00029999.err &
nohup nice ./RemoveRawData.py -l lfn:/grid/t2k.org/nd280/raw/ND280/SMRD/00012000_00012999 -s kek2-se01.cc.kek.jp >/opt/ppd/t2k/users/stewartt/t2k_logs/transfers/cleanKEK.nd280.raw.ND280.SMRD.00012000_00012999.out 2>/opt/ppd/t2k/users/stewartt/t2k_logs/transfers/cleanKEK.nd280.raw.ND280.SMRD.00012000_00012999.err &
nohup nice ./RemoveRawData.py -l lfn:/grid/t2k.org/nd280/raw/ND280/SMRD/00033000_00033999 -s kek2-se01.cc.kek.jp >/opt/ppd/t2k/users/stewartt/t2k_logs/transfers/cleanKEK.nd280.raw.ND280.SMRD.00033000_00033999.out 2>/opt/ppd/t2k/users/stewartt/t2k_logs/transfers/cleanKEK.nd280.raw.ND280.SMRD.00033000_00033999.err &
nohup nice ./RemoveRawData.py -l lfn:/grid/t2k.org/nd280/raw/ND280/SMRD/00036000_00036999 -s kek2-se01.cc.kek.jp >/opt/ppd/t2k/users/stewartt/t2k_logs/transfers/cleanKEK.nd280.raw.ND280.SMRD.00036000_00036999.out 2>/opt/ppd/t2k/users/stewartt/t2k_logs/transfers/cleanKEK.nd280.raw.ND280.SMRD.00036000_00036999.err &
nohup nice ./RemoveRawData.py -l lfn:/grid/t2k.org/nd280/raw/ND280/SMRD/00030000_00030999 -s kek2-se01.cc.kek.jp >/opt/ppd/t2k/users/stewartt/t2k_logs/transfers/cleanKEK.nd280.raw.ND280.SMRD.00030000_00030999.out 2>/opt/ppd/t2k/users/stewartt/t2k_logs/transfers/cleanKEK.nd280.raw.ND280.SMRD.00030000_00030999.err &
nohup nice ./RemoveRawData.py -l lfn:/grid/t2k.org/nd280/raw/ND280/SMRD/00028000_00028999 -s kek2-se01.cc.kek.jp >/opt/ppd/t2k/users/stewartt/t2k_logs/transfers/cleanKEK.nd280.raw.ND280.SMRD.00028000_00028999.out 2>/opt/ppd/t2k/users/stewartt/t2k_logs/transfers/cleanKEK.nd280.raw.ND280.SMRD.00028000_00028999.err &
2017-05-12 15:43:55.256443
Try pexpect 0 of lfc-ls /grid/t2k.org/nd280/raw/ND280/TPC with 300s timeout
2017-05-12 15:43:55.826422
Try pexpect 0 of lfc-ls /grid/t2k.org/nd280/raw/ND280/TPC/00014000_00014999 with 300s timeout
Checking for and cleaning old TPC data...
2017-05-12 15:43:57.111085
Try pexpect 0 of lcg-ls srm://kek2-se01.cc.kek.jp/t2k.org//nd280/raw/ND280/TPC/ with 300s timeout
nohup nice ./RemoveRawData.py -l lfn:/grid/t2k.org/nd280/raw/ND280/TPC/00011000_00011999 -s kek2-se01.cc.kek.jp >/opt/ppd/t2k/users/stewartt/t2k_logs/transfers/cleanKEK.nd280.raw.ND280.TPC.00011000_00011999.out 2>/opt/ppd/t2k/users/stewartt/t2k_logs/transfers/cleanKEK.nd280.raw.ND280.TPC.00011000_00011999.err &
nohup nice ./RemoveRawData.py -l lfn:/grid/t2k.org/nd280/raw/ND280/TPC/00010000_00010999 -s kek2-se01.cc.kek.jp >/opt/ppd/t2k/users/stewartt/t2k_logs/transfers/cleanKEK.nd280.raw.ND280.TPC.00010000_00010999.out 2>/opt/ppd/t2k/users/stewartt/t2k_logs/transfers/cleanKEK.nd280.raw.ND280.TPC.00010000_00010999.err &
nohup nice ./RemoveRawData.py -l lfn:/grid/t2k.org/nd280/raw/ND280/TPC/00013000_00013999 -s kek2-se01.cc.kek.jp >/opt/ppd/t2k/users/stewartt/t2k_logs/transfers/cleanKEK.nd280.raw.ND280.TPC.00013000_00013999.out 2>/opt/ppd/t2k/users/stewartt/t2k_logs/transfers/cleanKEK.nd280.raw.ND280.TPC.00013000_00013999.err &
nohup nice ./RemoveRawData.py -l lfn:/grid/t2k.org/nd280/raw/ND280/TPC/00012000_00012999 -s kek2-se01.cc.kek.jp >/opt/ppd/t2k/users/stewartt/t2k_logs/transfers/cleanKEK.nd280.raw.ND280.TPC.00012000_00012999.out 2>/opt/ppd/t2k/users/stewartt/t2k_logs/transfers/cleanKEK.nd280.raw.ND280.TPC.00012000_00012999.err &
2017-05-12 15:43:59.260152
Try pexpect 0 of lfc-ls /grid/t2k.org/nd280/raw/INGRID/INGRID with 300s timeout
2017-05-12 15:43:59.739166
Try pexpect 0 of lfc-ls /grid/t2k.org/nd280/raw/INGRID/INGRID/00030000_00030999 with 300s timeout
Checking for and cleaning old INGRID data...
2017-05-12 15:44:00.907170
Try pexpect 0 of lcg-ls srm://kek2-se01.cc.kek.jp/t2k.org//nd280/raw/INGRID/INGRID/ with 300s timeout
nohup nice ./RemoveRawData.py -l lfn:/grid/t2k.org/nd280/raw/INGRID/INGRID/00014000_00014999 -s kek2-se01.cc.kek.jp >/opt/ppd/t2k/users/stewartt/t2k_logs/transfers/cleanKEK.nd280.raw.INGRID.INGRID.00014000_00014999.out 2>/opt/ppd/t2k/users/stewartt/t2k_logs/transfers/cleanKEK.nd280.raw.INGRID.INGRID.00014000_00014999.err &
nohup nice ./RemoveRawData.py -l lfn:/grid/t2k.org/nd280/raw/INGRID/INGRID/00017000_00017999 -s kek2-se01.cc.kek.jp >/opt/ppd/t2k/users/stewartt/t2k_logs/transfers/cleanKEK.nd280.raw.INGRID.INGRID.00017000_00017999.out 2>/opt/ppd/t2k/users/stewartt/t2k_logs/transfers/cleanKEK.nd280.raw.INGRID.INGRID.00017000_00017999.err &
nohup nice ./RemoveRawData.py -l lfn:/grid/t2k.org/nd280/raw/INGRID/INGRID/00015000_00015999 -s kek2-se01.cc.kek.jp >/opt/ppd/t2k/users/stewartt/t2k_logs/transfers/cleanKEK.nd280.raw.INGRID.INGRID.00015000_00015999.out 2>/opt/ppd/t2k/users/stewartt/t2k_logs/transfers/cleanKEK.nd280.raw.INGRID.INGRID.00015000_00015999.err &
nohup nice ./RemoveRawData.py -l lfn:/grid/t2k.org/nd280/raw/INGRID/INGRID/00029000_00029999 -s kek2-se01.cc.kek.jp >/opt/ppd/t2k/users/stewartt/t2k_logs/transfers/cleanKEK.nd280.raw.INGRID.INGRID.00029000_00029999.out 2>/opt/ppd/t2k/users/stewartt/t2k_logs/transfers/cleanKEK.nd280.raw.INGRID.INGRID.00029000_00029999.err &
nohup nice ./RemoveRawData.py -l lfn:/grid/t2k.org/nd280/raw/INGRID/INGRID/00023000_00023999 -s kek2-se01.cc.kek.jp >/opt/ppd/t2k/users/stewartt/t2k_logs/transfers/cleanKEK.nd280.raw.INGRID.INGRID.00023000_00023999.out 2>/opt/ppd/t2k/users/stewartt/t2k_logs/transfers/cleanKEK.nd280.raw.INGRID.INGRID.00023000_00023999.err &
nohup nice ./RemoveRawData.py -l lfn:/grid/t2k.org/nd280/raw/INGRID/INGRID/00020000_00020999 -s kek2-se01.cc.kek.jp >/opt/ppd/t2k/users/stewartt/t2k_logs/transfers/cleanKEK.nd280.raw.INGRID.INGRID.00020000_00020999.out 2>/opt/ppd/t2k/users/stewartt/t2k_logs/transfers/cleanKEK.nd280.raw.INGRID.INGRID.00020000_00020999.err &
nohup nice ./RemoveRawData.py -l lfn:/grid/t2k.org/nd280/raw/INGRID/INGRID/00021000_00021999 -s kek2-se01.cc.kek.jp >/opt/ppd/t2k/users/stewartt/t2k_logs/transfers/cleanKEK.nd280.raw.INGRID.INGRID.00021000_00021999.out 2>/opt/ppd/t2k/users/stewartt/t2k_logs/transfers/cleanKEK.nd280.raw.INGRID.INGRID.00021000_00021999.err &
nohup nice ./RemoveRawData.py -l lfn:/grid/t2k.org/nd280/raw/INGRID/INGRID/00027000_00027999 -s kek2-se01.cc.kek.jp >/opt/ppd/t2k/users/stewartt/t2k_logs/transfers/cleanKEK.nd280.raw.INGRID.INGRID.00027000_00027999.out 2>/opt/ppd/t2k/users/stewartt/t2k_logs/transfers/cleanKEK.nd280.raw.INGRID.INGRID.00027000_00027999.err &
nohup nice ./RemoveRawData.py -l lfn:/grid/t2k.org/nd280/raw/INGRID/INGRID/00022000_00022999 -s kek2-se01.cc.kek.jp >/opt/ppd/t2k/users/stewartt/t2k_logs/transfers/cleanKEK.nd280.raw.INGRID.INGRID.00022000_00022999.out 2>/opt/ppd/t2k/users/stewartt/t2k_logs/transfers/cleanKEK.nd280.raw.INGRID.INGRID.00022000_00022999.err &
nohup nice ./RemoveRawData.py -l lfn:/grid/t2k.org/nd280/raw/INGRID/INGRID/00016000_00016999 -s kek2-se01.cc.kek.jp >/opt/ppd/t2k/users/stewartt/t2k_logs/transfers/cleanKEK.nd280.raw.INGRID.INGRID.00016000_00016999.out 2>/opt/ppd/t2k/users/stewartt/t2k_logs/transfers/cleanKEK.nd280.raw.INGRID.INGRID.00016000_00016999.err &
nohup nice ./RemoveRawData.py -l lfn:/grid/t2k.org/nd280/raw/INGRID/INGRID/00026000_00026999 -s kek2-se01.cc.kek.jp >/opt/ppd/t2k/users/stewartt/t2k_logs/transfers/cleanKEK.nd280.raw.INGRID.INGRID.00026000_00026999.out 2>/opt/ppd/t2k/users/stewartt/t2k_logs/transfers/cleanKEK.nd280.raw.INGRID.INGRID.00026000_00026999.err &
nohup nice ./RemoveRawData.py -l lfn:/grid/t2k.org/nd280/raw/INGRID/INGRID/00019000_00019999 -s kek2-se01.cc.kek.jp >/opt/ppd/t2k/users/stewartt/t2k_logs/transfers/cleanKEK.nd280.raw.INGRID.INGRID.00019000_00019999.out 2>/opt/ppd/t2k/users/stewartt/t2k_logs/transfers/cleanKEK.nd280.raw.INGRID.INGRID.00019000_00019999.err &
nohup nice ./RemoveRawData.py -l lfn:/grid/t2k.org/nd280/raw/INGRID/INGRID/00025000_00025999 -s kek2-se01.cc.kek.jp >/opt/ppd/t2k/users/stewartt/t2k_logs/transfers/cleanKEK.nd280.raw.INGRID.INGRID.00025000_00025999.out 2>/opt/ppd/t2k/users/stewartt/t2k_logs/transfers/cleanKEK.nd280.raw.INGRID.INGRID.00025000_00025999.err &
nohup nice ./RemoveRawData.py -l lfn:/grid/t2k.org/nd280/raw/INGRID/INGRID/00018000_00018999 -s kek2-se01.cc.kek.jp >/opt/ppd/t2k/users/stewartt/t2k_logs/transfers/cleanKEK.nd280.raw.INGRID.INGRID.00018000_00018999.out 2>/opt/ppd/t2k/users/stewartt/t2k_logs/transfers/cleanKEK.nd280.raw.INGRID.INGRID.00018000_00018999.err &
nohup nice ./RemoveRawData.py -l lfn:/grid/t2k.org/nd280/raw/INGRID/INGRID/00028000_00028999 -s kek2-se01.cc.kek.jp >/opt/ppd/t2k/users/stewartt/t2k_logs/transfers/cleanKEK.nd280.raw.INGRID.INGRID.00028000_00028999.out 2>/opt/ppd/t2k/users/stewartt/t2k_logs/transfers/cleanKEK.nd280.raw.INGRID.INGRID.00028000_00028999.err &
nohup nice ./RemoveRawData.py -l lfn:/grid/t2k.org/nd280/raw/INGRID/INGRID/00024000_00024999 -s kek2-se01.cc.kek.jp >/opt/ppd/t2k/users/stewartt/t2k_logs/transfers/cleanKEK.nd280.raw.INGRID.INGRID.00024000_00024999.out 2>/opt/ppd/t2k/users/stewartt/t2k_logs/transfers/cleanKEK.nd280.raw.INGRID.INGRID.00024000_00024999.err &
